<?xml version="1.0" encoding="UTF-8"?>
<!-- Generated by org.testng.reporters.JUnitXMLReporter -->
<testsuite ignored="0" hostname="DESKTOP-HM27A8M" failures="0" tests="8" name="chrome-1" time="0.324" errors="0" timestamp="2023-01-10T15:24:13 IST">
  <testcase classname="Practice_package.SampleTestNGTest_1" name="simple1" time="0.028"/>
  <testcase classname="Practice_package.SampleTestNGTest_1" name="simple2" time="0.004"/>
  <testcase classname="Practice_package.SampleTestNGTest_4" name="simple7" time="0.011"/>
  <testcase classname="Practice_package.SampleTestNGTest_4" name="simple8" time="0.009"/>
  <testcase classname="Practice_package.SampleTestNGTest_3" name="simple5" time="0.046"/>
  <testcase classname="Practice_package.SampleTestNGTest_3" name="simple6" time="0.016"/>
  <testcase classname="Practice_package.SampleTestNGTest_2" name="simple3" time="0.021"/>
  <testcase classname="Practice_package.SampleTestNGTest_2" name="simple4" time="0.001"/>
</testsuite> <!-- chrome-1 -->
