<?xml version="1.0" encoding="UTF-8"?>
<!-- Generated by org.testng.reporters.JUnitXMLReporter -->
<testsuite ignored="0" hostname="DESKTOP-HM27A8M" failures="0" tests="8" name="chrome-2" time="0.303" errors="0" timestamp="2023-01-10T15:24:13 IST">
  <testcase classname="Practice_package.SampleTestNGTest_1" name="simple1" time="0.034"/>
  <testcase classname="Practice_package.SampleTestNGTest_1" name="simple2" time="0.007"/>
  <testcase classname="Practice_package.SampleTestNGTest_4" name="simple7" time="0.003"/>
  <testcase classname="Practice_package.SampleTestNGTest_4" name="simple8" time="0.006"/>
  <testcase classname="Practice_package.SampleTestNGTest_3" name="simple5" time="0.006"/>
  <testcase classname="Practice_package.SampleTestNGTest_3" name="simple6" time="0.087"/>
  <testcase classname="Practice_package.SampleTestNGTest_2" name="simple3" time="0.006"/>
  <testcase classname="Practice_package.SampleTestNGTest_2" name="simple4" time="0.003"/>
</testsuite> <!-- chrome-2 -->
