<?xml version="1.0" encoding="UTF-8"?>
<!-- Generated by org.testng.reporters.JUnitXMLReporter -->
<testsuite ignored="2" hostname="DESKTOP-HM27A8M" failures="0" tests="2" name="test runner-2" time="180.023" errors="0" timestamp="2023-01-11T12:22:33 IST">
  <testcase classname="TestNGtestscript.DeleteOrg_recylebinTest" name="deleteOrgrecyle" time="93.9"/>
  <testcase classname="TestNGtestscript.Faq_interationTesting_Test" name="searchproduct" time="20.788"/>
  <testcase classname="com.generic.libraries.BaseClass" name="@AfterSuite discnnecDB" time="0.0">
    <ignored/>
  </testcase> <!-- @AfterSuite discnnecDB -->
  <testcase classname="com.generic.libraries.BaseClass" name="@BeforeSuite configDB" time="0.0">
    <ignored/>
  </testcase> <!-- @BeforeSuite configDB -->
</testsuite> <!-- test runner-2 -->
