<?xml version="1.0" encoding="UTF-8"?>
<!-- Generated by org.testng.reporters.JUnitXMLReporter -->
<testsuite ignored="2" hostname="DESKTOP-HM27A8M" failures="0" tests="2" name="test runner-1" time="165.649" errors="0" timestamp="2023-01-11T12:22:19 IST">
  <testcase classname="TestNGtestscript.CreateOrg_test" name="createOrg" time="49.295"/>
  <testcase classname="TestNGtestscript.createLeadTest" name="createLead" time="32.54"/>
  <testcase classname="com.generic.libraries.BaseClass" name="@AfterSuite discnnecDB" time="0.0">
    <ignored/>
  </testcase> <!-- @AfterSuite discnnecDB -->
  <testcase classname="com.generic.libraries.BaseClass" name="@BeforeSuite configDB" time="0.0">
    <ignored/>
  </testcase> <!-- @BeforeSuite configDB -->
</testsuite> <!-- test runner-1 -->
