<?xml version="1.0" encoding="UTF-8"?>
<testng-results ignored="0" total="1" passed="1" failed="0" skipped="0">
  <reporter-output>
  </reporter-output>
  <suite started-at="2023-01-18T23:22:20 IST" name="Default suite" finished-at="2023-01-18T23:23:17 IST" duration-ms="56985">
    <groups>
      <group name="regression">
        <method signature="DeleteOrg_recylebinTest.deleteOrgrecyle()[pri:0, instance:TestNGtestscript.DeleteOrg_recylebinTest@6fd83fc1]" name="deleteOrgrecyle" class="TestNGtestscript.DeleteOrg_recylebinTest"/>
      </group> <!-- regression -->
      <group name="smoke">
        <method signature="DeleteOrg_recylebinTest.deleteOrgrecyle()[pri:0, instance:TestNGtestscript.DeleteOrg_recylebinTest@6fd83fc1]" name="deleteOrgrecyle" class="TestNGtestscript.DeleteOrg_recylebinTest"/>
      </group> <!-- smoke -->
    </groups>
    <test started-at="2023-01-18T23:22:20 IST" name="Default test" finished-at="2023-01-18T23:23:17 IST" duration-ms="56985">
      <class name="TestNGtestscript.DeleteOrg_recylebinTest">
        <test-method is-config="true" signature="configDB()[pri:0, instance:TestNGtestscript.DeleteOrg_recylebinTest@6fd83fc1]" started-at="2023-01-18T23:22:19 IST" name="configDB" finished-at="2023-01-18T23:22:20 IST" duration-ms="658" status="PASS">
          <reporter-output>
          </reporter-output>
        </test-method> <!-- configDB -->
        <test-method is-config="true" signature="configBC()[pri:0, instance:TestNGtestscript.DeleteOrg_recylebinTest@6fd83fc1]" started-at="2023-01-18T23:22:20 IST" name="configBC" finished-at="2023-01-18T23:22:26 IST" duration-ms="6066" status="PASS">
          <reporter-output>
          </reporter-output>
        </test-method> <!-- configBC -->
        <test-method is-config="true" signature="configBM()[pri:0, instance:TestNGtestscript.DeleteOrg_recylebinTest@6fd83fc1]" started-at="2023-01-18T23:22:26 IST" name="configBM" finished-at="2023-01-18T23:22:31 IST" duration-ms="4804" status="PASS">
          <reporter-output>
          </reporter-output>
        </test-method> <!-- configBM -->
        <test-method signature="deleteOrgrecyle()[pri:0, instance:TestNGtestscript.DeleteOrg_recylebinTest@6fd83fc1]" started-at="2023-01-18T23:22:31 IST" name="deleteOrgrecyle" finished-at="2023-01-18T23:23:10 IST" duration-ms="38834" status="PASS">
          <reporter-output>
          </reporter-output>
        </test-method> <!-- deleteOrgrecyle -->
        <test-method is-config="true" signature="configAM()[pri:0, instance:TestNGtestscript.DeleteOrg_recylebinTest@6fd83fc1]" started-at="2023-01-18T23:23:10 IST" name="configAM" finished-at="2023-01-18T23:23:15 IST" duration-ms="5261" status="PASS">
          <reporter-output>
          </reporter-output>
        </test-method> <!-- configAM -->
        <test-method is-config="true" signature="configAC()[pri:0, instance:TestNGtestscript.DeleteOrg_recylebinTest@6fd83fc1]" started-at="2023-01-18T23:23:15 IST" name="configAC" finished-at="2023-01-18T23:23:17 IST" duration-ms="1944" status="PASS">
          <reporter-output>
          </reporter-output>
        </test-method> <!-- configAC -->
        <test-method is-config="true" signature="discnnecDB()[pri:0, instance:TestNGtestscript.DeleteOrg_recylebinTest@6fd83fc1]" started-at="2023-01-18T23:23:17 IST" name="discnnecDB" finished-at="2023-01-18T23:23:17 IST" duration-ms="11" status="PASS">
          <reporter-output>
          </reporter-output>
        </test-method> <!-- discnnecDB -->
      </class> <!-- TestNGtestscript.DeleteOrg_recylebinTest -->
    </test> <!-- Default test -->
  </suite> <!-- Default suite -->
</testng-results>
